<?xml version="1.0" encoding="UTF-8"?>
<!-- Generated by org.testng.reporters.JUnitReportReporter -->
<testsuite hostname="LAPTOP-70PFIIMI" failures="0" tests="2" name="TestsClasses.CrossBrowserTest" time="17.332" errors="0" timestamp="2025-03-14T08:27:40 IST" skipped="0">
  <testcase classname="TestsClasses.CrossBrowserTest" name="crossBrowserTest" time="12.984"/>
  <system-out/>
  <testcase classname="TestsClasses.CrossBrowserTest" name="crossBrowserTest" time="4.348"/>
  <system-out/>
</testsuite> <!-- TestsClasses.CrossBrowserTest -->
