<?xml version="1.0" encoding="UTF-8"?>
<!-- Generated by org.testng.reporters.JUnitReportReporter -->
<testsuite hostname="LAPTOP-70PFIIMI" failures="0" tests="1" name="TestsClasses.HeadlessTest" time="5.660" errors="0" timestamp="2025-03-10T15:57:04 IST" skipped="0">
  <testcase classname="TestsClasses.HeadlessTest" name="crossBrowserTest" time="5.660"/>
  <system-out/>
</testsuite> <!-- TestsClasses.HeadlessTest -->
