<?xml version="1.0" encoding="UTF-8"?>
<!-- Generated by org.testng.reporters.JUnitReportReporter -->
<testsuite hostname="LAPTOP-70PFIIMI" failures="0" tests="1" name="ExtentReporting.GoogleSearchTest" time="4.379" errors="0" timestamp="2025-03-11T10:00:15 IST" skipped="0">
  <testcase classname="ExtentReporting.GoogleSearchTest" name="validateGoogleSearch" time="4.379"/>
  <system-out/>
</testsuite> <!-- ExtentReporting.GoogleSearchTest -->
