<?xml version="1.0" encoding="UTF-8"?>
<!-- Generated by org.testng.reporters.JUnitReportReporter -->
<testsuite hostname="LAPTOP-70PFIIMI" failures="0" tests="1" name="DataDrivernFrameworkQues.ReadAllData" time="0.762" errors="0" timestamp="2025-03-14T15:35:51 IST" skipped="0">
  <testcase classname="DataDrivernFrameworkQues.ReadAllData" name="callData" time="0.762"/>
  <system-out/>
</testsuite> <!-- DataDrivernFrameworkQues.ReadAllData -->
