<?xml version="1.0" encoding="UTF-8"?>
<!-- Generated by org.testng.reporters.JUnitReportReporter -->
<testsuite hostname="LAPTOP-70PFIIMI" failures="0" tests="1" name="DataDrivernFrameworkQues.FetchOnlyHeaders" time="0.755" errors="0" timestamp="2025-03-15T13:00:05 IST" skipped="0">
  <testcase classname="DataDrivernFrameworkQues.FetchOnlyHeaders" name="callData" time="0.755"/>
  <system-out/>
</testsuite> <!-- DataDrivernFrameworkQues.FetchOnlyHeaders -->
