<?xml version="1.0" encoding="UTF-8"?>
<!-- Generated by org.testng.reporters.JUnitReportReporter -->
<testsuite hostname="LAPTOP-70PFIIMI" failures="0" tests="4" name="DataDrivernFrameworkQues.CallingFromDataProvider" time="0.016" errors="0" timestamp="2025-03-15T13:16:31 IST" skipped="0">
  <testcase classname="DataDrivernFrameworkQues.CallingFromDataProvider" name="allData" time="0.012"/>
  <system-out/>
  <testcase classname="DataDrivernFrameworkQues.CallingFromDataProvider" name="allData" time="0.003"/>
  <system-out/>
  <testcase classname="DataDrivernFrameworkQues.CallingFromDataProvider" name="allData" time="0.000"/>
  <system-out/>
  <testcase classname="DataDrivernFrameworkQues.CallingFromDataProvider" name="allData" time="0.001"/>
  <system-out/>
</testsuite> <!-- DataDrivernFrameworkQues.CallingFromDataProvider -->
