<?xml version="1.0" encoding="UTF-8"?>
<!-- Generated by org.testng.reporters.JUnitReportReporter -->
<testsuite hostname="LAPTOP-70PFIIMI" failures="0" tests="1" name="DataDrivernFrameworkQues.AppendDataInExcel" time="0.729" errors="0" timestamp="2025-03-15T14:40:30 IST" skipped="0">
  <testcase classname="DataDrivernFrameworkQues.AppendDataInExcel" name="writeData" time="0.729"/>
  <system-out/>
</testsuite> <!-- DataDrivernFrameworkQues.AppendDataInExcel -->
