<?xml version="1.0" encoding="UTF-8"?>
<!-- Generated by org.testng.reporters.JUnitReportReporter -->
<testsuite hostname="LAPTOP-70PFIIMI" failures="0" tests="3" name="TestNGPractice.Practice" time="0.009" errors="0" timestamp="2025-03-14T09:56:57 IST" skipped="0">
  <testcase classname="TestNGPractice.Practice" name="A" time="0.008"/>
  <system-out/>
  <testcase classname="TestNGPractice.Practice" name="C" time="0.001"/>
  <system-out/>
  <testcase classname="TestNGPractice.Practice" name="B" time="0.000"/>
  <system-out/>
</testsuite> <!-- TestNGPractice.Practice -->
