<?xml version="1.0" encoding="UTF-8"?>
<!-- Generated by org.testng.reporters.JUnitReportReporter -->
<testsuite hostname="LAPTOP-70PFIIMI" failures="0" tests="1" name="DataDrivernFrameworkQues.WriteInExcel" time="0.728" errors="0" timestamp="2025-03-15T14:40:21 IST" skipped="0">
  <testcase classname="DataDrivernFrameworkQues.WriteInExcel" name="writeData" time="0.728"/>
  <system-out/>
</testsuite> <!-- DataDrivernFrameworkQues.WriteInExcel -->
