<?xml version="1.0" encoding="UTF-8"?>
<!-- Generated by org.testng.reporters.JUnitReportReporter -->
<testsuite hostname="LAPTOP-70PFIIMI" failures="0" tests="1" name="ExtentReporting.PracTest" time="0.581" errors="0" timestamp="2025-03-11T10:06:40 IST" skipped="0">
  <testcase classname="ExtentReporting.PracTest" name="testss" time="0.581"/>
  <system-out/>
</testsuite> <!-- ExtentReporting.PracTest -->
