<?xml version="1.0" encoding="UTF-8"?>
<!-- Generated by org.testng.reporters.JUnitReportReporter -->
<testsuite hostname="LAPTOP-70PFIIMI" failures="0" tests="1" name="TestsClasses.Cookies" time="111.547" errors="0" timestamp="2025-03-11T09:09:03 IST" skipped="0">
  <testcase classname="TestsClasses.Cookies" name="crossBrowserTest" time="111.547"/>
  <system-out/>
</testsuite> <!-- TestsClasses.Cookies -->
